This file contains any messages produced by compilers while
running configure, to aid debugging if configure makes a mistake.

It was created by libTrie configure 0.1, which was
generated by GNU Autoconf 2.59.  Invocation command line was

  $ ./configure --prefix=/home/seagull/squid3_test --enable-shaga --prefix=/home/seagull/squid3_test --cache-file=/dev/null --srcdir=.

## --------- ##
## Platform. ##
## --------- ##

hostname = Home
uname -m = i386
uname -r = 6.2-RELEASE
uname -s = FreeBSD
uname -v = FreeBSD 6.2-RELEASE #1: Fri Jun 29 11:25:35 AMST 2007     seagull@Home:/usr/src/sys/i386/compile/HOME 

/usr/bin/uname -p = i386
/bin/uname -X     = unknown

/bin/arch              = unknown
/usr/bin/arch -k       = unknown
/usr/convex/getsysinfo = unknown
hostinfo               = unknown
/bin/machine           = unknown
/usr/bin/oslevel       = unknown
/bin/universe          = unknown

PATH: /usr/local/gnu-autotools/bin
PATH: /sbin
PATH: /bin
PATH: /usr/sbin
PATH: /usr/bin
PATH: /usr/games
PATH: /usr/local/sbin
PATH: /usr/local/bin
PATH: /usr/X11R6/bin
PATH: /root/bin


## ----------- ##
## Core tests. ##
## ----------- ##

configure:1444: checking for g++
configure:1460: found /usr/bin/g++
configure:1470: result: g++
configure:1486: checking for C++ compiler version
configure:1489: g++ --version </dev/null >&5
g++ (GCC) 3.4.6 [FreeBSD] 20060305
Copyright (C) 2006 Free Software Foundation, Inc.
This is free software; see the source for copying conditions.  There is NO
warranty; not even for MERCHANTABILITY or FITNESS FOR A PARTICULAR PURPOSE.

configure:1492: $? = 0
configure:1494: g++ -v </dev/null >&5
Using built-in specs.
Configured with: FreeBSD/i386 system compiler
Thread model: posix
gcc version 3.4.6 [FreeBSD] 20060305
configure:1497: $? = 0
configure:1499: g++ -V </dev/null >&5
g++: `-V' option must have argument
configure:1502: $? = 1
configure:1525: checking for C++ compiler default output file name
configure:1528: g++    conftest.cc  >&5
configure:1531: $? = 0
configure:1577: result: a.out
configure:1582: checking whether the C++ compiler works
configure:1588: ./a.out
configure:1591: $? = 0
configure:1608: result: yes
configure:1615: checking whether we are cross compiling
configure:1617: result: no
configure:1620: checking for suffix of executables
configure:1622: g++ -o conftest    conftest.cc  >&5
configure:1625: $? = 0
configure:1650: result: 
configure:1656: checking for suffix of object files
configure:1677: g++ -c   conftest.cc >&5
configure:1680: $? = 0
configure:1702: result: o
configure:1706: checking whether we are using the GNU C++ compiler
configure:1730: g++ -c   conftest.cc >&5
configure:1736: $? = 0
configure:1740: test -z 
			 || test ! -s conftest.err
configure:1743: $? = 0
configure:1746: test -s conftest.o
configure:1749: $? = 0
configure:1762: result: yes
configure:1768: checking whether g++ accepts -g
configure:1789: g++ -c -g  conftest.cc >&5
configure:1795: $? = 0
configure:1799: test -z 
			 || test ! -s conftest.err
configure:1802: $? = 0
configure:1805: test -s conftest.o
configure:1808: $? = 0
configure:1819: result: yes
configure:1861: g++ -c -g -O2  conftest.cc >&5
configure:1867: $? = 0
configure:1871: test -z 
			 || test ! -s conftest.err
configure:1874: $? = 0
configure:1877: test -s conftest.o
configure:1880: $? = 0
configure:1906: g++ -c -g -O2  conftest.cc >&5
conftest.cc: In function `int main()':
conftest.cc:15: error: `exit' was not declared in this scope
configure:1912: $? = 1
configure: failed program was:
| /* confdefs.h.  */
| 
| #define PACKAGE_NAME "libTrie"
| #define PACKAGE_TARNAME "libtrie"
| #define PACKAGE_VERSION "0.1"
| #define PACKAGE_STRING "libTrie 0.1"
| #define PACKAGE_BUGREPORT "rbtcollins@squid-cache.org"
| #define _SQUID_INLINE_ inline
| #define _USE_INLINE_
| /* end confdefs.h.  */
| 
| int
| main ()
| {
| exit (42);
|   ;
|   return 0;
| }
configure:1861: g++ -c -g -O2  conftest.cc >&5
configure:1867: $? = 0
configure:1871: test -z 
			 || test ! -s conftest.err
configure:1874: $? = 0
configure:1877: test -s conftest.o
configure:1880: $? = 0
configure:1906: g++ -c -g -O2  conftest.cc >&5
configure:1912: $? = 0
configure:1916: test -z 
			 || test ! -s conftest.err
configure:1919: $? = 0
configure:1922: test -s conftest.o
configure:1925: $? = 0
configure:1994: checking for gcc
configure:2010: found /usr/bin/gcc
configure:2020: result: gcc
configure:2264: checking for C compiler version
configure:2267: gcc --version </dev/null >&5
gcc (GCC) 3.4.6 [FreeBSD] 20060305
Copyright (C) 2006 Free Software Foundation, Inc.
This is free software; see the source for copying conditions.  There is NO
warranty; not even for MERCHANTABILITY or FITNESS FOR A PARTICULAR PURPOSE.

configure:2270: $? = 0
configure:2272: gcc -v </dev/null >&5
Using built-in specs.
Configured with: FreeBSD/i386 system compiler
Thread model: posix
gcc version 3.4.6 [FreeBSD] 20060305
configure:2275: $? = 0
configure:2277: gcc -V </dev/null >&5
gcc: `-V' option must have argument
configure:2280: $? = 1
configure:2283: checking whether we are using the GNU C compiler
configure:2307: gcc -c   conftest.c >&5
configure:2313: $? = 0
configure:2317: test -z 
			 || test ! -s conftest.err
configure:2320: $? = 0
configure:2323: test -s conftest.o
configure:2326: $? = 0
configure:2339: result: yes
configure:2345: checking whether gcc accepts -g
configure:2366: gcc -c -g  conftest.c >&5
configure:2372: $? = 0
configure:2376: test -z 
			 || test ! -s conftest.err
configure:2379: $? = 0
configure:2382: test -s conftest.o
configure:2385: $? = 0
configure:2396: result: yes
configure:2413: checking for gcc option to accept ANSI C
configure:2483: gcc  -c -g -O2  conftest.c >&5
configure:2489: $? = 0
configure:2493: test -z 
			 || test ! -s conftest.err
configure:2496: $? = 0
configure:2499: test -s conftest.o
configure:2502: $? = 0
configure:2520: result: none needed
configure:2538: gcc -c -g -O2  conftest.c >&5
conftest.c:2: error: syntax error before "me"
configure:2544: $? = 1
configure: failed program was:
| #ifndef __cplusplus
|   choke me
| #endif
configure:2677: checking whether make sets $(MAKE)
configure:2697: result: yes
configure:2721: checking for a BSD-compatible install
configure:2776: result: /usr/bin/install -c
configure:2787: checking whether build environment is sane
configure:2830: result: yes
configure:2895: checking for gawk
configure:2924: result: no
configure:2895: checking for mawk
configure:2924: result: no
configure:2895: checking for nawk
configure:2911: found /usr/bin/nawk
configure:2921: result: nawk
configure:2952: checking for style of include used by make
configure:2980: result: GNU
configure:3156: checking dependency style of gcc
configure:3246: result: gcc3
configure:3265: checking dependency style of g++
configure:3355: result: gcc3
configure:3373: checking whether to enable maintainer-specific portions of Makefiles
configure:3382: result: no
configure:3438: checking for ranlib
configure:3454: found /usr/bin/ranlib
configure:3465: result: ranlib
configure:3487: checking whether compiler accepts -fhuge-objects
configure:3507: result: no
configure:3528: checking for an ANSI C-conforming const
configure:3595: gcc -c -g -O2  conftest.c >&5
configure:3601: $? = 0
configure:3605: test -z 
			 || test ! -s conftest.err
configure:3608: $? = 0
configure:3611: test -s conftest.o
configure:3614: $? = 0
configure:3625: result: yes
configure:3640: checking how to run the C preprocessor
configure:3675: gcc -E  conftest.c
configure:3681: $? = 0
configure:3713: gcc -E  conftest.c
conftest.c:16:28: ac_nonexistent.h: No such file or directory
configure:3719: $? = 1
configure: failed program was:
| /* confdefs.h.  */
| 
| #define PACKAGE_NAME "libTrie"
| #define PACKAGE_TARNAME "libtrie"
| #define PACKAGE_VERSION "0.1"
| #define PACKAGE_STRING "libTrie 0.1"
| #define PACKAGE_BUGREPORT "rbtcollins@squid-cache.org"
| #define _SQUID_INLINE_ inline
| #define _USE_INLINE_
| #ifdef __cplusplus
| extern "C" void std::exit (int) throw (); using std::exit;
| #endif
| #define PACKAGE "libTrie"
| #define VERSION "0.1"
| /* end confdefs.h.  */
| #include <ac_nonexistent.h>
configure:3758: result: gcc -E
configure:3782: gcc -E  conftest.c
configure:3788: $? = 0
configure:3820: gcc -E  conftest.c
conftest.c:16:28: ac_nonexistent.h: No such file or directory
configure:3826: $? = 1
configure: failed program was:
| /* confdefs.h.  */
| 
| #define PACKAGE_NAME "libTrie"
| #define PACKAGE_TARNAME "libtrie"
| #define PACKAGE_VERSION "0.1"
| #define PACKAGE_STRING "libTrie 0.1"
| #define PACKAGE_BUGREPORT "rbtcollins@squid-cache.org"
| #define _SQUID_INLINE_ inline
| #define _USE_INLINE_
| #ifdef __cplusplus
| extern "C" void std::exit (int) throw (); using std::exit;
| #endif
| #define PACKAGE "libTrie"
| #define VERSION "0.1"
| /* end confdefs.h.  */
| #include <ac_nonexistent.h>
configure:3870: checking for egrep
configure:3880: result: grep -E
configure:3885: checking for ANSI C header files
configure:3910: gcc -c -g -O2  conftest.c >&5
configure:3916: $? = 0
configure:3920: test -z 
			 || test ! -s conftest.err
configure:3923: $? = 0
configure:3926: test -s conftest.o
configure:3929: $? = 0
configure:4018: gcc -o conftest -g -O2   conftest.c  >&5
configure:4021: $? = 0
configure:4023: ./conftest
configure:4026: $? = 0
configure:4041: result: yes
configure:4065: checking for sys/types.h
configure:4081: gcc -c -g -O2  conftest.c >&5
configure:4087: $? = 0
configure:4091: test -z 
			 || test ! -s conftest.err
configure:4094: $? = 0
configure:4097: test -s conftest.o
configure:4100: $? = 0
configure:4111: result: yes
configure:4065: checking for sys/stat.h
configure:4081: gcc -c -g -O2  conftest.c >&5
configure:4087: $? = 0
configure:4091: test -z 
			 || test ! -s conftest.err
configure:4094: $? = 0
configure:4097: test -s conftest.o
configure:4100: $? = 0
configure:4111: result: yes
configure:4065: checking for stdlib.h
configure:4081: gcc -c -g -O2  conftest.c >&5
configure:4087: $? = 0
configure:4091: test -z 
			 || test ! -s conftest.err
configure:4094: $? = 0
configure:4097: test -s conftest.o
configure:4100: $? = 0
configure:4111: result: yes
configure:4065: checking for string.h
configure:4081: gcc -c -g -O2  conftest.c >&5
configure:4087: $? = 0
configure:4091: test -z 
			 || test ! -s conftest.err
configure:4094: $? = 0
configure:4097: test -s conftest.o
configure:4100: $? = 0
configure:4111: result: yes
configure:4065: checking for memory.h
configure:4081: gcc -c -g -O2  conftest.c >&5
configure:4087: $? = 0
configure:4091: test -z 
			 || test ! -s conftest.err
configure:4094: $? = 0
configure:4097: test -s conftest.o
configure:4100: $? = 0
configure:4111: result: yes
configure:4065: checking for strings.h
configure:4081: gcc -c -g -O2  conftest.c >&5
configure:4087: $? = 0
configure:4091: test -z 
			 || test ! -s conftest.err
configure:4094: $? = 0
configure:4097: test -s conftest.o
configure:4100: $? = 0
configure:4111: result: yes
configure:4065: checking for inttypes.h
configure:4081: gcc -c -g -O2  conftest.c >&5
configure:4087: $? = 0
configure:4091: test -z 
			 || test ! -s conftest.err
configure:4094: $? = 0
configure:4097: test -s conftest.o
configure:4100: $? = 0
configure:4111: result: yes
configure:4065: checking for stdint.h
configure:4081: gcc -c -g -O2  conftest.c >&5
configure:4087: $? = 0
configure:4091: test -z 
			 || test ! -s conftest.err
configure:4094: $? = 0
configure:4097: test -s conftest.o
configure:4100: $? = 0
configure:4111: result: yes
configure:4065: checking for unistd.h
configure:4081: gcc -c -g -O2  conftest.c >&5
configure:4087: $? = 0
configure:4091: test -z 
			 || test ! -s conftest.err
configure:4094: $? = 0
configure:4097: test -s conftest.o
configure:4100: $? = 0
configure:4111: result: yes
configure:4123: checking for size_t
configure:4147: gcc -c -g -O2  conftest.c >&5
configure:4153: $? = 0
configure:4157: test -z 
			 || test ! -s conftest.err
configure:4160: $? = 0
configure:4163: test -s conftest.o
configure:4166: $? = 0
configure:4177: result: yes
configure:4317: creating ./config.status

## ---------------------- ##
## Running config.status. ##
## ---------------------- ##

This file was extended by libTrie config.status 0.1, which was
generated by GNU Autoconf 2.59.  Invocation command line was

  CONFIG_FILES    = 
  CONFIG_HEADERS  = 
  CONFIG_LINKS    = 
  CONFIG_COMMANDS = 
  $ ./config.status 

on Home

config.status:705: creating Makefile
config.status:705: creating include/Makefile
config.status:705: creating src/Makefile
config.status:705: creating test/Makefile
config.status:809: creating config.h
config.status:919: config.h is unchanged
config.status:1099: executing depfiles commands

## ---------------- ##
## Cache variables. ##
## ---------------- ##

ac_cv_c_compiler_gnu=yes
ac_cv_c_const=yes
ac_cv_cxx_compiler_gnu=yes
ac_cv_env_CC_set=
ac_cv_env_CC_value=
ac_cv_env_CFLAGS_set=
ac_cv_env_CFLAGS_value=
ac_cv_env_CPPFLAGS_set=
ac_cv_env_CPPFLAGS_value=
ac_cv_env_CPP_set=
ac_cv_env_CPP_value=
ac_cv_env_CXXFLAGS_set=
ac_cv_env_CXXFLAGS_value=
ac_cv_env_CXX_set=
ac_cv_env_CXX_value=
ac_cv_env_LDFLAGS_set=
ac_cv_env_LDFLAGS_value=
ac_cv_env_build_alias_set=
ac_cv_env_build_alias_value=
ac_cv_env_host_alias_set=
ac_cv_env_host_alias_value=
ac_cv_env_target_alias_set=
ac_cv_env_target_alias_value=
ac_cv_exeext=
ac_cv_header_inttypes_h=yes
ac_cv_header_memory_h=yes
ac_cv_header_stdc=yes
ac_cv_header_stdint_h=yes
ac_cv_header_stdlib_h=yes
ac_cv_header_string_h=yes
ac_cv_header_strings_h=yes
ac_cv_header_sys_stat_h=yes
ac_cv_header_sys_types_h=yes
ac_cv_header_unistd_h=yes
ac_cv_objext=o
ac_cv_path_install='/usr/bin/install -c'
ac_cv_prog_AWK=nawk
ac_cv_prog_CPP='gcc -E'
ac_cv_prog_ac_ct_CC=gcc
ac_cv_prog_ac_ct_CXX=g++
ac_cv_prog_ac_ct_RANLIB=ranlib
ac_cv_prog_cc_g=yes
ac_cv_prog_cc_stdc=
ac_cv_prog_cxx_g=yes
ac_cv_prog_egrep='grep -E'
ac_cv_prog_make_make_set=yes
ac_cv_test_checkforhugeobjects=no
ac_cv_type_size_t=yes
am_cv_CC_dependencies_compiler_type=gcc3
am_cv_CXX_dependencies_compiler_type=gcc3

## ----------------- ##
## Output variables. ##
## ----------------- ##

ACLOCAL='${SHELL} /home/seagull/workspace/squid3/lib/libTrie/cfgaux/missing --run aclocal-1.9'
AMDEPBACKSLASH='\'
AMDEP_FALSE='#'
AMDEP_TRUE=''
AMTAR='${SHELL} /home/seagull/workspace/squid3/lib/libTrie/cfgaux/missing --run tar'
AUTOCONF='${SHELL} /home/seagull/workspace/squid3/lib/libTrie/cfgaux/missing --run autoconf'
AUTOHEADER='${SHELL} /home/seagull/workspace/squid3/lib/libTrie/cfgaux/missing --run autoheader'
AUTOMAKE='${SHELL} /home/seagull/workspace/squid3/lib/libTrie/cfgaux/missing --run automake-1.9'
AWK='nawk'
CC='gcc'
CCDEPMODE='depmode=gcc3'
CFLAGS='-g -O2'
CPP='gcc -E'
CPPFLAGS=''
CXX='g++'
CXXDEPMODE='depmode=gcc3'
CXXFLAGS='-g -O2'
CYGPATH_W='echo'
DEFS='-DHAVE_CONFIG_H'
DEPDIR='.deps'
ECHO_C=''
ECHO_N='-n'
ECHO_T=''
EGREP='grep -E'
EXEEXT=''
INSTALL_DATA='${INSTALL} -m 644'
INSTALL_PROGRAM='${INSTALL}'
INSTALL_SCRIPT='${INSTALL}'
INSTALL_STRIP_PROGRAM='${SHELL} $(install_sh) -c -s'
LDFLAGS=''
LIBOBJS=''
LIBS=''
LTLIBOBJS=''
MAINT='#'
MAINTAINER_MODE_FALSE=''
MAINTAINER_MODE_TRUE='#'
MAKEINFO='${SHELL} /home/seagull/workspace/squid3/lib/libTrie/cfgaux/missing --run makeinfo'
OBJEXT='o'
PACKAGE='libTrie'
PACKAGE_BUGREPORT='rbtcollins@squid-cache.org'
PACKAGE_NAME='libTrie'
PACKAGE_STRING='libTrie 0.1'
PACKAGE_TARNAME='libtrie'
PACKAGE_VERSION='0.1'
PATH_SEPARATOR=':'
RANLIB='ranlib'
SET_MAKE=''
SHELL='/usr/local/bin/bash'
STRIP=''
TRIE_CFLAGS='-Werror -Wall -Wpointer-arith -Wwrite-strings -Wmissing-prototypes -Wmissing-declarations -Wcomments'
TRIE_CXXFLAGS='-Werror -Wall -Wpointer-arith -Wwrite-strings -Wcomments '
VERSION='0.1'
ac_ct_CC='gcc'
ac_ct_CXX='g++'
ac_ct_RANLIB='ranlib'
ac_ct_STRIP=''
am__fastdepCC_FALSE='#'
am__fastdepCC_TRUE=''
am__fastdepCXX_FALSE='#'
am__fastdepCXX_TRUE=''
am__include='include'
am__leading_dot='.'
am__quote=''
am__tar='${AMTAR} chof - "$$tardir"'
am__untar='${AMTAR} xf -'
bindir='${exec_prefix}/bin'
build_alias=''
datadir='${prefix}/share'
exec_prefix='${prefix}'
host_alias=''
includedir='${prefix}/include'
infodir='${prefix}/info'
install_sh='/home/seagull/workspace/squid3/lib/libTrie/cfgaux/install-sh'
libdir='${exec_prefix}/lib'
libexecdir='${exec_prefix}/libexec'
localstatedir='${prefix}/var'
mandir='${prefix}/man'
mkdir_p='$(install_sh) -d'
oldincludedir='/usr/include'
prefix='/home/seagull/squid3_test'
program_transform_name='s,x,x,'
sbindir='${exec_prefix}/sbin'
sharedstatedir='${prefix}/com'
sysconfdir='${prefix}/etc'
target_alias=''

## ----------- ##
## confdefs.h. ##
## ----------- ##

#define HAVE_INTTYPES_H 1
#define HAVE_MEMORY_H 1
#define HAVE_STDINT_H 1
#define HAVE_STDLIB_H 1
#define HAVE_STRINGS_H 1
#define HAVE_STRING_H 1
#define HAVE_SYS_STAT_H 1
#define HAVE_SYS_TYPES_H 1
#define HAVE_UNISTD_H 1
#define PACKAGE "libTrie"
#define PACKAGE_BUGREPORT "rbtcollins@squid-cache.org"
#define PACKAGE_NAME "libTrie"
#define PACKAGE_STRING "libTrie 0.1"
#define PACKAGE_TARNAME "libtrie"
#define PACKAGE_VERSION "0.1"
#define STDC_HEADERS 1
#define VERSION "0.1"
#define _SQUID_INLINE_ inline
#define _USE_INLINE_
#endif
#ifdef __cplusplus
extern "C" void std::exit (int) throw (); using std::exit;

configure: exit 0
